Build started 5/7/2018 5:43:49 AM.
     1>Project "F:\sync\Final2\DA2\sphinxtrain2\win32\libs\libio\libio.vcxproj" on node 5 (Build target(s)).
     1>ClCompile:
         C:\Program Files (x86)\Microsoft Visual Studio 12.0\VC\bin\CL.exe /c /I..\..\..\..\sphinxbase\include\win32 /I..\..\..\..\sphinxbase\include /I..\..\..\include /Zi /nologo /W3 /WX- /O2 /Ob1 /Oy- /D NDEBUG /D _LIB /D _CRT_SECURE_NO_WARNINGS /D SPHINX_DLL /D _VC80_UPGRADE=0x0600 /D _MBCS /GF /Gm- /EHsc /MD /GS /Gy /fp:precise /Zc:wchar_t /Zc:forScope /Fo".\Release\Win32/" /Fd".\Release\Win32/vc120.pdb" /Gd /TC /analyze- /errorReport:prompt ..\..\..\src\libs\libio\corpus.c ..\..\..\src\libs\libio\model_def_io.c ..\..\..\src\libs\libio\pset_io.c ..\..\..\src\libs\libio\s3acc_io.c ..\..\..\src\libs\libio\s3cb2mllr_io.c ..\..\..\src\libs\libio\s3gau_full_io.c ..\..\..\src\libs\libio\s3gau_io.c ..\..\..\src\libs\libio\s3io.c ..\..\..\src\libs\libio\s3lamb_io.c ..\..\..\src\libs\libio\s3map_io.c ..\..\..\src\libs\libio\s3mixw_io.c ..\..\..\src\libs\libio\s3phseg_io.c ..\..\..\src\libs\libio\s3tmat_io.c ..\..\..\src\libs\libio\s3ts2cb_io.c ..\..\..\src\libs\libio\segdmp.c ..\..\..\src\libs\libio\swap.c ..\..\..\src\libs\libio\topo_read.c
         corpus.c
     1>..\..\..\src\libs\libio\corpus.c(213): warning C4018: '<' : signed/unsigned mismatch
     1>..\..\..\src\libs\libio\corpus.c(216): warning C4018: '<' : signed/unsigned mismatch
     1>..\..\..\src\libs\libio\corpus.c(262): warning C4996: 'strdup': The POSIX name for this item is deprecated. Instead, use the ISO C++ conformant name: _strdup. See online help for details.
                 C:\Program Files (x86)\Microsoft Visual Studio 12.0\VC\include\string.h(245) : see declaration of 'strdup'
     1>..\..\..\src\libs\libio\corpus.c(273): warning C4996: 'strdup': The POSIX name for this item is deprecated. Instead, use the ISO C++ conformant name: _strdup. See online help for details.
                 C:\Program Files (x86)\Microsoft Visual Studio 12.0\VC\include\string.h(245) : see declaration of 'strdup'
     1>..\..\..\src\libs\libio\corpus.c(295): warning C4996: 'strdup': The POSIX name for this item is deprecated. Instead, use the ISO C++ conformant name: _strdup. See online help for details.
                 C:\Program Files (x86)\Microsoft Visual Studio 12.0\VC\include\string.h(245) : see declaration of 'strdup'
     1>..\..\..\src\libs\libio\corpus.c(1137): warning C4996: 'strdup': The POSIX name for this item is deprecated. Instead, use the ISO C++ conformant name: _strdup. See online help for details.
                 C:\Program Files (x86)\Microsoft Visual Studio 12.0\VC\include\string.h(245) : see declaration of 'strdup'
     1>..\..\..\src\libs\libio\corpus.c(1303): warning C4996: 'strdup': The POSIX name for this item is deprecated. Instead, use the ISO C++ conformant name: _strdup. See online help for details.
                 C:\Program Files (x86)\Microsoft Visual Studio 12.0\VC\include\string.h(245) : see declaration of 'strdup'
     1>..\..\..\src\libs\libio\corpus.c(1338): warning C4013: 'areadfloat' undefined; assuming extern returning int
     1>..\..\..\src\libs\libio\corpus.c(1342): warning C4013: 'areadfloat_part' undefined; assuming extern returning int
     1>..\..\..\src\libs\libio\corpus.c(1412): warning C4013: 'areadshort' undefined; assuming extern returning int
     1>..\..\..\src\libs\libio\corpus.c(1521): warning C4996: 'strdup': The POSIX name for this item is deprecated. Instead, use the ISO C++ conformant name: _strdup. See online help for details.
                 C:\Program Files (x86)\Microsoft Visual Studio 12.0\VC\include\string.h(245) : see declaration of 'strdup'
         model_def_io.c
         pset_io.c
     1>..\..\..\src\libs\libio\pset_io.c(97): warning C4996: 'strdup': The POSIX name for this item is deprecated. Instead, use the ISO C++ conformant name: _strdup. See online help for details.
                 C:\Program Files (x86)\Microsoft Visual Studio 12.0\VC\include\string.h(245) : see declaration of 'strdup'
     1>..\..\..\src\libs\libio\pset_io.c(111): warning C4996: 'strdup': The POSIX name for this item is deprecated. Instead, use the ISO C++ conformant name: _strdup. See online help for details.
                 C:\Program Files (x86)\Microsoft Visual Studio 12.0\VC\include\string.h(245) : see declaration of 'strdup'
         s3acc_io.c
     1>..\..\..\src\libs\libio\s3acc_io.c(268): warning C4018: '<' : signed/unsigned mismatch
     1>..\..\..\src\libs\libio\s3acc_io.c(391): warning C4018: '<' : signed/unsigned mismatch
     1>..\..\..\src\libs\libio\s3acc_io.c(509): warning C4018: '<' : signed/unsigned mismatch
         s3cb2mllr_io.c
         s3gau_full_io.c
         s3gau_io.c
         s3io.c
     1>..\..\..\src\libs\libio\s3io.c(119): warning C4996: 'strdup': The POSIX name for this item is deprecated. Instead, use the ISO C++ conformant name: _strdup. See online help for details.
                 C:\Program Files (x86)\Microsoft Visual Studio 12.0\VC\include\string.h(245) : see declaration of 'strdup'
     1>..\..\..\src\libs\libio\s3io.c(120): warning C4996: 'strdup': The POSIX name for this item is deprecated. Instead, use the ISO C++ conformant name: _strdup. See online help for details.
                 C:\Program Files (x86)\Microsoft Visual Studio 12.0\VC\include\string.h(245) : see declaration of 'strdup'
     1>..\..\..\src\libs\libio\s3io.c(635): warning C4996: 'open': The POSIX name for this item is deprecated. Instead, use the ISO C++ conformant name: _open. See online help for details.
                 C:\Program Files (x86)\Microsoft Visual Studio 12.0\VC\include\io.h(336) : see declaration of 'open'
     1>..\..\..\src\libs\libio\s3io.c(640): warning C4996: 'read': The POSIX name for this item is deprecated. Instead, use the ISO C++ conformant name: _read. See online help for details.
                 C:\Program Files (x86)\Microsoft Visual Studio 12.0\VC\include\io.h(337) : see declaration of 'read'
     1>..\..\..\src\libs\libio\s3io.c(643): warning C4996: 'close': The POSIX name for this item is deprecated. Instead, use the ISO C++ conformant name: _close. See online help for details.
                 C:\Program Files (x86)\Microsoft Visual Studio 12.0\VC\include\io.h(326) : see declaration of 'close'
     1>..\..\..\src\libs\libio\s3io.c(649): warning C4996: 'close': The POSIX name for this item is deprecated. Instead, use the ISO C++ conformant name: _close. See online help for details.
                 C:\Program Files (x86)\Microsoft Visual Studio 12.0\VC\include\io.h(326) : see declaration of 'close'
     1>..\..\..\src\libs\libio\s3io.c(658): warning C4996: 'close': The POSIX name for this item is deprecated. Instead, use the ISO C++ conformant name: _close. See online help for details.
                 C:\Program Files (x86)\Microsoft Visual Studio 12.0\VC\include\io.h(326) : see declaration of 'close'
     1>..\..\..\src\libs\libio\s3io.c(661): warning C4996: 'read': The POSIX name for this item is deprecated. Instead, use the ISO C++ conformant name: _read. See online help for details.
                 C:\Program Files (x86)\Microsoft Visual Studio 12.0\VC\include\io.h(337) : see declaration of 'read'
     1>..\..\..\src\libs\libio\s3io.c(664): warning C4996: 'close': The POSIX name for this item is deprecated. Instead, use the ISO C++ conformant name: _close. See online help for details.
                 C:\Program Files (x86)\Microsoft Visual Studio 12.0\VC\include\io.h(326) : see declaration of 'close'
     1>..\..\..\src\libs\libio\s3io.c(668): warning C4996: 'close': The POSIX name for this item is deprecated. Instead, use the ISO C++ conformant name: _close. See online help for details.
                 C:\Program Files (x86)\Microsoft Visual Studio 12.0\VC\include\io.h(326) : see declaration of 'close'
     1>..\..\..\src\libs\libio\s3io.c(687): warning C4996: 'open': The POSIX name for this item is deprecated. Instead, use the ISO C++ conformant name: _open. See online help for details.
                 C:\Program Files (x86)\Microsoft Visual Studio 12.0\VC\include\io.h(336) : see declaration of 'open'
     1>..\..\..\src\libs\libio\s3io.c(693): warning C4996: 'read': The POSIX name for this item is deprecated. Instead, use the ISO C++ conformant name: _read. See online help for details.
                 C:\Program Files (x86)\Microsoft Visual Studio 12.0\VC\include\io.h(337) : see declaration of 'read'
     1>..\..\..\src\libs\libio\s3io.c(697): warning C4996: 'close': The POSIX name for this item is deprecated. Instead, use the ISO C++ conformant name: _close. See online help for details.
                 C:\Program Files (x86)\Microsoft Visual Studio 12.0\VC\include\io.h(326) : see declaration of 'close'
     1>..\..\..\src\libs\libio\s3io.c(703): warning C4996: 'close': The POSIX name for this item is deprecated. Instead, use the ISO C++ conformant name: _close. See online help for details.
                 C:\Program Files (x86)\Microsoft Visual Studio 12.0\VC\include\io.h(326) : see declaration of 'close'
     1>..\..\..\src\libs\libio\s3io.c(714): warning C4996: 'close': The POSIX name for this item is deprecated. Instead, use the ISO C++ conformant name: _close. See online help for details.
                 C:\Program Files (x86)\Microsoft Visual Studio 12.0\VC\include\io.h(326) : see declaration of 'close'
     1>..\..\..\src\libs\libio\s3io.c(717): warning C4996: 'read': The POSIX name for this item is deprecated. Instead, use the ISO C++ conformant name: _read. See online help for details.
                 C:\Program Files (x86)\Microsoft Visual Studio 12.0\VC\include\io.h(337) : see declaration of 'read'
     1>..\..\..\src\libs\libio\s3io.c(721): warning C4996: 'close': The POSIX name for this item is deprecated. Instead, use the ISO C++ conformant name: _close. See online help for details.
                 C:\Program Files (x86)\Microsoft Visual Studio 12.0\VC\include\io.h(326) : see declaration of 'close'
     1>..\..\..\src\libs\libio\s3io.c(725): warning C4996: 'close': The POSIX name for this item is deprecated. Instead, use the ISO C++ conformant name: _close. See online help for details.
                 C:\Program Files (x86)\Microsoft Visual Studio 12.0\VC\include\io.h(326) : see declaration of 'close'
     1>..\..\..\src\libs\libio\s3io.c(742): warning C4996: 'open': The POSIX name for this item is deprecated. Instead, use the ISO C++ conformant name: _open. See online help for details.
                 C:\Program Files (x86)\Microsoft Visual Studio 12.0\VC\include\io.h(336) : see declaration of 'open'
     1>..\..\..\src\libs\libio\s3io.c(750): warning C4996: 'write': The POSIX name for this item is deprecated. Instead, use the ISO C++ conformant name: _write. See online help for details.
                 C:\Program Files (x86)\Microsoft Visual Studio 12.0\VC\include\io.h(342) : see declaration of 'write'
     1>..\..\..\src\libs\libio\s3io.c(754): warning C4996: 'close': The POSIX name for this item is deprecated. Instead, use the ISO C++ conformant name: _close. See online help for details.
                 C:\Program Files (x86)\Microsoft Visual Studio 12.0\VC\include\io.h(326) : see declaration of 'close'
     1>..\..\..\src\libs\libio\s3io.c(762): warning C4996: 'write': The POSIX name for this item is deprecated. Instead, use the ISO C++ conformant name: _write. See online help for details.
                 C:\Program Files (x86)\Microsoft Visual Studio 12.0\VC\include\io.h(342) : see declaration of 'write'
     1>..\..\..\src\libs\libio\s3io.c(766): warning C4996: 'close': The POSIX name for this item is deprecated. Instead, use the ISO C++ conformant name: _close. See online help for details.
                 C:\Program Files (x86)\Microsoft Visual Studio 12.0\VC\include\io.h(326) : see declaration of 'close'
     1>..\..\..\src\libs\libio\s3io.c(773): warning C4996: 'close': The POSIX name for this item is deprecated. Instead, use the ISO C++ conformant name: _close. See online help for details.
                 C:\Program Files (x86)\Microsoft Visual Studio 12.0\VC\include\io.h(326) : see declaration of 'close'
         s3lamb_io.c
     1>..\..\..\src\libs\libio\s3lamb_io.c(85): warning C4013: 'bio_fread_1d' undefined; assuming extern returning int
     1>..\..\..\src\libs\libio\s3lamb_io.c(97): warning C4013: 'bio_fread' undefined; assuming extern returning int
     1>..\..\..\src\libs\libio\s3lamb_io.c(136): warning C4013: 'bio_fwrite_1d' undefined; assuming extern returning int
     1>..\..\..\src\libs\libio\s3lamb_io.c(141): warning C4013: 'bio_fwrite' undefined; assuming extern returning int
         s3map_io.c
     1>..\..\..\src\libs\libio\s3map_io.c(88): warning C4013: 'bio_fread' undefined; assuming extern returning int
     1>..\..\..\src\libs\libio\s3map_io.c(99): warning C4013: 'bio_fread_1d' undefined; assuming extern returning int
     1>..\..\..\src\libs\libio\s3map_io.c(146): warning C4013: 'bio_fwrite' undefined; assuming extern returning int
     1>..\..\..\src\libs\libio\s3map_io.c(152): warning C4013: 'bio_fwrite_1d' undefined; assuming extern returning int
         s3mixw_io.c
     1>..\..\..\src\libs\libio\s3mixw_io.c(88): warning C4013: 'bio_fread_3d' undefined; assuming extern returning int
     1>..\..\..\src\libs\libio\s3mixw_io.c(104): warning C4013: 'bio_fread' undefined; assuming extern returning int
     1>..\..\..\src\libs\libio\s3mixw_io.c(157): warning C4013: 'bio_fread_intv_3d' undefined; assuming extern returning int
     1>..\..\..\src\libs\libio\s3mixw_io.c(213): warning C4013: 'bio_fwrite_3d' undefined; assuming extern returning int
     1>..\..\..\src\libs\libio\s3mixw_io.c(224): warning C4013: 'bio_fwrite' undefined; assuming extern returning int
         s3phseg_io.c
         s3tmat_io.c
     1>..\..\..\src\libs\libio\s3tmat_io.c(142): warning C4018: '<' : signed/unsigned mismatch
     1>..\..\..\src\libs\libio\s3tmat_io.c(143): warning C4018: '<' : signed/unsigned mismatch
     1>..\..\..\src\libs\libio\s3tmat_io.c(144): warning C4018: '<' : signed/unsigned mismatch
         s3ts2cb_io.c
         segdmp.c
     1>..\..\..\src\libs\libio\segdmp.c(135): warning C4013: 'bio_fwrite' undefined; assuming extern returning int
     1>..\..\..\src\libs\libio\segdmp.c(199): warning C4013: 'bio_fread' undefined; assuming extern returning int
         swap.c
         topo_read.c
         Generating Code...
       Lib:
         C:\Program Files (x86)\Microsoft Visual Studio 12.0\VC\bin\Lib.exe /OUT:".\..\..\..\lib\Release\Win32\libio.lib" sphinxbase.lib /LIBPATH:..\..\..\..\sphinxbase\bin\Release\Win32 /NOLOGO .\Release\Win32/corpus.obj
         .\Release\Win32/model_def_io.obj
         .\Release\Win32/pset_io.obj
         .\Release\Win32/s3acc_io.obj
         .\Release\Win32/s3cb2mllr_io.obj
         .\Release\Win32/s3gau_full_io.obj
         .\Release\Win32/s3gau_io.obj
         .\Release\Win32/s3io.obj
         .\Release\Win32/s3lamb_io.obj
         .\Release\Win32/s3map_io.obj
         .\Release\Win32/s3mixw_io.obj
         .\Release\Win32/s3phseg_io.obj
         .\Release\Win32/s3tmat_io.obj
         .\Release\Win32/s3ts2cb_io.obj
         .\Release\Win32/segdmp.obj
         .\Release\Win32/swap.obj
         .\Release\Win32/topo_read.obj
         libio.vcxproj -> F:\sync\Final2\DA2\sphinxtrain2\win32\libs\libio\.\..\..\..\lib\Release\Win32\libio.lib
     1>Done Building Project "F:\sync\Final2\DA2\sphinxtrain2\win32\libs\libio\libio.vcxproj" (Build target(s)).

Build succeeded.

Time Elapsed 00:00:04.54
