Build started 5/7/2018 5:43:56 AM.
     1>Project "F:\sync\Final2\DA2\sphinxtrain2\win32\programs\delint\delint.vcxproj" on node 2 (Build target(s)).
     1>ClCompile:
         C:\Program Files (x86)\Microsoft Visual Studio 12.0\VC\bin\CL.exe /c /I..\..\..\..\sphinxbase\include\win32 /I..\..\..\..\sphinxbase\include /I..\..\..\include /Zi /nologo /W3 /WX- /O2 /Ob1 /Oy- /D NDEBUG /D _CONSOLE /D _CRT_SECURE_NO_WARNINGS /D SPHINX_DLL /D _VC80_UPGRADE=0x0600 /D _MBCS /GF /Gm- /EHsc /MD /GS /Gy /fp:precise /Zc:wchar_t /Zc:forScope /Fo".\Release\Win32/" /Fd".\Release\Win32/vc120.pdb" /Gd /TC /analyze- /errorReport:prompt ..\..\..\src\programs\delint\interp_fn.c ..\..\..\src\programs\delint\main.c ..\..\..\src\programs\delint\parse_cmd_ln.c
         interp_fn.c
     1>..\..\..\src\programs\delint\interp_fn.c(96): warning C4244: 'initializing' : conversion from 'double' to 'float32', possible loss of data
     1>..\..\..\src\programs\delint\interp_fn.c(103): warning C4244: '=' : conversion from 'double' to 'float32', possible loss of data
     1>..\..\..\src\programs\delint\interp_fn.c(123): warning C4244: '=' : conversion from 'float64' to 'float32', possible loss of data
     1>..\..\..\src\programs\delint\interp_fn.c(161): warning C4244: '=' : conversion from 'double' to 'float32', possible loss of data
     1>..\..\..\src\programs\delint\interp_fn.c(196): warning C4244: '=' : conversion from 'float64' to 'float32', possible loss of data
     1>..\..\..\src\programs\delint\interp_fn.c(198): warning C4244: '+=' : conversion from 'float64' to 'float32', possible loss of data
     1>..\..\..\src\programs\delint\interp_fn.c(205): warning C4244: 'initializing' : conversion from 'double' to 'float32', possible loss of data
         main.c
     1>..\..\..\src\programs\delint\main.c(366): warning C4244: '=' : conversion from 'float64' to 'float32', possible loss of data
         parse_cmd_ln.c
         Generating Code...
       Link:
         C:\Program Files (x86)\Microsoft Visual Studio 12.0\VC\bin\link.exe /ERRORREPORT:PROMPT /OUT:".\..\..\..\bin\Release\Win32/delint.exe" /INCREMENTAL:NO /NOLOGO /LIBPATH:..\..\..\..\sphinxbase\bin\Release\Win32 sphinxbase.lib kernel32.lib user32.lib gdi32.lib winspool.lib comdlg32.lib advapi32.lib shell32.lib ole32.lib oleaut32.lib uuid.lib odbc32.lib odbccp32.lib /MANIFEST /MANIFESTUAC:"level='asInvoker' uiAccess='false'" /manifest:embed /PDB:".\..\..\..\bin\Release\Win32/delint.pdb" /SUBSYSTEM:CONSOLE /TLBID:1 /DYNAMICBASE /NXCOMPAT /IMPLIB:".\..\..\..\bin\Release\Win32\delint.lib" /MACHINE:X86 /SAFESEH .\Release\Win32/interp_fn.obj
         .\Release\Win32/main.obj
         .\Release\Win32/parse_cmd_ln.obj
         F:\sync\Final2\DA2\sphinxtrain2\lib\Release\Win32\libclust.lib
         F:\sync\Final2\DA2\sphinxtrain2\lib\Release\Win32\libcommon.lib
         F:\sync\Final2\DA2\sphinxtrain2\lib\Release\Win32\libio.lib
         F:\sync\Final2\DA2\sphinxtrain2\lib\Release\Win32\libmllr.lib
         F:\sync\Final2\DA2\sphinxtrain2\lib\Release\Win32\libmodinv.lib
         delint.vcxproj -> F:\sync\Final2\DA2\sphinxtrain2\win32\programs\delint\.\..\..\..\bin\Release\Win32\delint.exe
     1>Done Building Project "F:\sync\Final2\DA2\sphinxtrain2\win32\programs\delint\delint.vcxproj" (Build target(s)).

Build succeeded.

Time Elapsed 00:00:01.16
